<?xml version="1.0" encoding="UTF-8"?>
<testng-results ignored="0" total="5" passed="5" failed="0" skipped="0">
  <reporter-output>
  </reporter-output>
  <suite started-at="2025-07-22T02:01:30 IST" name="Test Suite for Buildout" finished-at="2025-07-22T02:04:22 IST" duration-ms="171906">
    <groups>
    </groups>
    <test started-at="2025-07-22T02:01:30 IST" name="Test Cases for Buildout" finished-at="2025-07-22T02:04:22 IST" duration-ms="171906">
      <class name="demo.TestCases">
        <test-method is-config="true" signature="startBrowser()[pri:0, instance:demo.TestCases@16c63f5]" started-at="2025-07-22T02:01:30 IST" name="startBrowser" finished-at="2025-07-22T02:01:39 IST" duration-ms="8883" status="PASS">
          <reporter-output>
          </reporter-output>
        </test-method> <!-- startBrowser -->
        <test-method signature="testCase01()[pri:0, instance:demo.TestCases@16c63f5]" started-at="2025-07-22T02:01:39 IST" name="testCase01" finished-at="2025-07-22T02:01:55 IST" duration-ms="16032" status="PASS">
          <reporter-output>
          </reporter-output>
        </test-method> <!-- testCase01 -->
        <test-method signature="testCase02()[pri:0, instance:demo.TestCases@16c63f5]" started-at="2025-07-22T02:01:55 IST" name="testCase02" finished-at="2025-07-22T02:02:28 IST" duration-ms="32531" status="PASS">
          <reporter-output>
          </reporter-output>
        </test-method> <!-- testCase02 -->
        <test-method signature="testCase03()[pri:0, instance:demo.TestCases@16c63f5]" started-at="2025-07-22T02:02:28 IST" name="testCase03" finished-at="2025-07-22T02:02:48 IST" duration-ms="20163" status="PASS">
          <reporter-output>
          </reporter-output>
        </test-method> <!-- testCase03 -->
        <test-method signature="testCase04()[pri:0, instance:demo.TestCases@16c63f5]" started-at="2025-07-22T02:02:48 IST" name="testCase04" finished-at="2025-07-22T02:03:21 IST" duration-ms="33179" status="PASS">
          <reporter-output>
          </reporter-output>
        </test-method> <!-- testCase04 -->
        <test-method signature="testCase05()[pri:0, instance:demo.TestCases@16c63f5]" started-at="2025-07-22T02:03:21 IST" name="testCase05" finished-at="2025-07-22T02:04:21 IST" duration-ms="59782" status="PASS">
          <reporter-output>
          </reporter-output>
        </test-method> <!-- testCase05 -->
        <test-method is-config="true" signature="endTest()[pri:0, instance:demo.TestCases@16c63f5]" started-at="2025-07-22T02:04:21 IST" name="endTest" finished-at="2025-07-22T02:04:22 IST" duration-ms="1234" status="PASS">
          <reporter-output>
          </reporter-output>
        </test-method> <!-- endTest -->
      </class> <!-- demo.TestCases -->
    </test> <!-- Test Cases for Buildout -->
  </suite> <!-- Test Suite for Buildout -->
</testng-results>
