<?xml version="1.0" encoding="UTF-8"?>
<testng-results ignored="0" total="5" passed="5" failed="0" skipped="0">
  <reporter-output>
  </reporter-output>
  <suite started-at="2025-07-16T17:15:39 IST" name="Test Suite for Buildout" finished-at="2025-07-16T17:19:19 IST" duration-ms="220088">
    <groups>
    </groups>
    <test started-at="2025-07-16T17:15:39 IST" name="Test Cases for Buildout" finished-at="2025-07-16T17:19:19 IST" duration-ms="220088">
      <class name="demo.TestCases">
        <test-method is-config="true" signature="startBrowser()[pri:0, instance:demo.TestCases@16c63f5]" started-at="2025-07-16T17:15:39 IST" name="startBrowser" finished-at="2025-07-16T17:15:50 IST" duration-ms="10653" status="PASS">
          <reporter-output>
          </reporter-output>
        </test-method> <!-- startBrowser -->
        <test-method signature="testCase01()[pri:0, instance:demo.TestCases@16c63f5]" started-at="2025-07-16T17:15:50 IST" name="testCase01" finished-at="2025-07-16T17:16:08 IST" duration-ms="18165" status="PASS">
          <reporter-output>
          </reporter-output>
        </test-method> <!-- testCase01 -->
        <test-method signature="testCase02()[pri:0, instance:demo.TestCases@16c63f5]" started-at="2025-07-16T17:16:08 IST" name="testCase02" finished-at="2025-07-16T17:17:01 IST" duration-ms="52952" status="PASS">
          <reporter-output>
          </reporter-output>
        </test-method> <!-- testCase02 -->
        <test-method signature="testCase03()[pri:0, instance:demo.TestCases@16c63f5]" started-at="2025-07-16T17:17:01 IST" name="testCase03" finished-at="2025-07-16T17:17:30 IST" duration-ms="29217" status="PASS">
          <reporter-output>
          </reporter-output>
        </test-method> <!-- testCase03 -->
        <test-method signature="testCase04()[pri:0, instance:demo.TestCases@16c63f5]" started-at="2025-07-16T17:17:30 IST" name="testCase04" finished-at="2025-07-16T17:18:02 IST" duration-ms="31952" status="PASS">
          <reporter-output>
          </reporter-output>
        </test-method> <!-- testCase04 -->
        <test-method signature="testCase05()[pri:0, instance:demo.TestCases@16c63f5]" started-at="2025-07-16T17:18:02 IST" name="testCase05" finished-at="2025-07-16T17:19:18 IST" duration-ms="75818" status="PASS">
          <reporter-output>
          </reporter-output>
        </test-method> <!-- testCase05 -->
        <test-method is-config="true" signature="endTest()[pri:0, instance:demo.TestCases@16c63f5]" started-at="2025-07-16T17:19:18 IST" name="endTest" finished-at="2025-07-16T17:19:19 IST" duration-ms="1217" status="PASS">
          <reporter-output>
          </reporter-output>
        </test-method> <!-- endTest -->
      </class> <!-- demo.TestCases -->
    </test> <!-- Test Cases for Buildout -->
  </suite> <!-- Test Suite for Buildout -->
</testng-results>
